2025-10-03 13:36:53,166 - fpl_analytics.main - INFO - .None:0 - Starting enhanced FPL application with performance monitoring...
2025-10-03 13:36:53,181 - fpl_analytics.main - INFO - .None:0 - Applying global styles...
2025-10-03 13:36:53,661 - fpl_analytics.main - INFO - .None:0 - Initializing enhanced app controller with performance monitoring...
2025-10-03 13:36:53,662 - fpl_analytics.main - INFO - .None:0 - Starting enhanced application initialization...
2025-10-03 13:36:53,662 - fpl_analytics.main - INFO - .None:0 - Creating Enhanced FPL App Controller...
2025-10-03 13:36:53,662 - fpl_analytics - INFO - error_handling.info:57 - Initializing Enhanced FPL Data Service...
2025-10-03 13:36:53,668 - fpl_analytics - INFO - error_handling.info:57 - Enhanced FPL Data Service initialized successfully
2025-10-03 13:36:53,671 - fpl_analytics - INFO - error_handling.info:57 - Advanced Cache Manager initialized - Max memory: 100MB
2025-10-03 13:36:53,672 - fpl_analytics.main - INFO - .None:0 - Enhanced FPL App initialized with all performance improvements and new features
2025-10-03 13:36:53,674 - fpl_analytics - INFO - error_handling.info:57 - Starting optimized service initialization...
2025-10-03 13:36:53,675 - fpl_analytics - INFO - error_handling.info:57 - Initializing FPL Data Service...
2025-10-03 13:36:53,676 - fpl_analytics - INFO - error_handling.info:57 - FPL Data Service initialized
2025-10-03 13:36:53,676 - fpl_analytics - INFO - error_handling.info:57 - Testing FPL API connection...
2025-10-03 13:36:54,468 - fpl_analytics - INFO - error_handling.info:57 - FPL API connection test successful
2025-10-03 13:36:54,471 - fpl_analytics - INFO - error_handling.info:57 - Service connection test successful
2025-10-03 13:36:54,472 - fpl_analytics - INFO - error_handling.info:57 - UI components initialized
2025-10-03 13:36:54,472 - fpl_analytics - INFO - error_handling.info:57 - Service initialization completed successfully
2025-10-03 13:36:54,567 - fpl_analytics.main - INFO - .None:0 - Enhanced application initialized successfully
2025-10-03 13:45:09,052 - fpl_analytics.main - INFO - .None:0 - Starting enhanced FPL application with performance monitoring...
2025-10-03 13:45:09,068 - fpl_analytics.main - INFO - .None:0 - Applying global styles...
2025-10-03 13:45:09,563 - fpl_analytics.main - INFO - .None:0 - Initializing enhanced app controller with performance monitoring...
2025-10-03 13:45:09,570 - fpl_analytics.main - INFO - .None:0 - Starting enhanced application initialization...
2025-10-03 13:45:09,570 - fpl_analytics.main - INFO - .None:0 - Creating Enhanced FPL App Controller...
2025-10-03 13:45:09,573 - fpl_analytics - INFO - error_handling.info:57 - Initializing Enhanced FPL Data Service...
2025-10-03 13:45:09,573 - fpl_analytics - INFO - error_handling.info:57 - Enhanced FPL Data Service initialized successfully
2025-10-03 13:45:09,578 - fpl_analytics - INFO - error_handling.info:57 - Advanced Cache Manager initialized - Max memory: 100MB
2025-10-03 13:45:09,578 - fpl_analytics.main - INFO - .None:0 - Enhanced FPL App initialized with all performance improvements and new features
2025-10-03 13:45:09,578 - fpl_analytics - INFO - error_handling.info:57 - Starting optimized service initialization...
2025-10-03 13:45:09,578 - fpl_analytics - INFO - error_handling.info:57 - Initializing FPL Data Service...
2025-10-03 13:45:09,578 - fpl_analytics - INFO - error_handling.info:57 - FPL Data Service initialized
2025-10-03 13:45:09,578 - fpl_analytics - INFO - error_handling.info:57 - Testing FPL API connection...
2025-10-03 13:45:14,643 - fpl_analytics - INFO - error_handling.info:57 - FPL API connection test successful
2025-10-03 13:45:14,643 - fpl_analytics - INFO - error_handling.info:57 - Service connection test successful
2025-10-03 13:45:14,643 - fpl_analytics - INFO - error_handling.info:57 - UI components initialized
2025-10-03 13:45:14,643 - fpl_analytics - INFO - error_handling.info:57 - Service initialization completed successfully
2025-10-03 13:45:14,749 - fpl_analytics.main - INFO - .None:0 - Enhanced application initialized successfully
